<?xml version="1.0" encoding="UTF-8"?>
<!-- Generated by org.testng.reporters.JUnitReportReporter -->
<testsuite skipped="0" hostname="DESKTOP-CAELC20" name="TestingPractice.HRMfunctionalty" tests="3" failures="0" timestamp="2022-05-09T13:46:51 IST" time="0.000" errors="0">
  <testcase name="login" time="0.000" classname="TestingPractice.HRMfunctionalty"/>
  <system-out/>
  <testcase name="search" time="0.000" classname="TestingPractice.HRMfunctionalty"/>
  <system-out/>
  <testcase name="logout" time="0.000" classname="TestingPractice.HRMfunctionalty"/>
  <system-out/>
</testsuite> <!-- TestingPractice.HRMfunctionalty -->
