<?xml version="1.0" encoding="UTF-8"?>
<!-- Generated by org.testng.reporters.JUnitReportReporter -->
<testsuite skipped="0" hostname="DESKTOP-CAELC20" name="TestNGProgram.TestNG5" tests="2" failures="0" timestamp="2022-05-13T19:01:12 IST" time="0.000" errors="0">
  <testcase name="abc" time="0.000" classname="TestNGProgram.TestNG5"/>
  <system-out/>
  <testcase name="def" time="0.000" classname="TestNGProgram.TestNG5"/>
  <system-out/>
</testsuite> <!-- TestNGProgram.TestNG5 -->
