<?xml version="1.0" encoding="UTF-8"?>
<!-- Generated by org.testng.reporters.JUnitReportReporter -->
<testsuite skipped="0" hostname="DESKTOP-CAELC20" name="TestNGProgram.TestNG1" tests="4" failures="0" timestamp="2022-05-11T08:57:08 IST" time="0.028" errors="0">
  <testcase name="loginFuncationality" time="0.013" classname="TestNGProgram.TestNG1"/>
  <system-out/>
  <testcase name="homepagefuncationality" time="0.003" classname="TestNGProgram.TestNG1"/>
  <system-out/>
  <testcase name="pimPageFuncationality" time="0.005" classname="TestNGProgram.TestNG1"/>
  <system-out/>
  <testcase name="logout" time="0.007" classname="TestNGProgram.TestNG1"/>
  <system-out/>
</testsuite> <!-- TestNGProgram.TestNG1 -->
