<?xml version="1.0" encoding="UTF-8"?>
<!-- Generated by org.testng.reporters.JUnitReportReporter -->
<testsuite skipped="0" hostname="DESKTOP-CAELC20" name="TestNGProgram.TestNG" tests="2" failures="0" timestamp="2022-05-10T19:07:31 IST" time="1.712" errors="0">
  <testcase name="login" time="1.684" classname="TestNGProgram.TestNG"/>
  <system-out/>
  <testcase name="homePage" time="0.028" classname="TestNGProgram.TestNG"/>
  <system-out/>
</testsuite> <!-- TestNGProgram.TestNG -->
