<?xml version="1.0" encoding="UTF-8"?>
<!-- Generated by org.testng.reporters.JUnitReportReporter -->
<testsuite skipped="0" hostname="DESKTOP-CAELC20" name="TestingPractice.sample" tests="4" failures="0" timestamp="2022-05-09T13:50:25 IST" time="0.016" errors="0">
  <testcase name="testcasesp" time="0.000" classname="TestingPractice.sample"/>
  <system-out/>
  <testcase name="testcasesz" time="0.000" classname="TestingPractice.sample"/>
  <system-out/>
  <testcase name="testcasesm" time="0.016" classname="TestingPractice.sample"/>
  <system-out/>
  <testcase name="testcasesa" time="0.000" classname="TestingPractice.sample"/>
  <system-out/>
</testsuite> <!-- TestingPractice.sample -->
