<?xml version="1.0" encoding="UTF-8"?>
<!-- Generated by org.testng.reporters.JUnitReportReporter -->
<testsuite skipped="0" hostname="DESKTOP-CAELC20" name="TestNGProgram.TestNG2" tests="3" failures="0" timestamp="2022-05-11T09:06:01 IST" time="0.043" errors="0">
  <testcase name="login" time="0.014" classname="TestNGProgram.TestNG2"/>
  <system-out/>
  <testcase name="homePage" time="0.002" classname="TestNGProgram.TestNG2"/>
  <system-out/>
  <testcase name="pimPage" time="0.027" classname="TestNGProgram.TestNG2"/>
  <system-out/>
</testsuite> <!-- TestNGProgram.TestNG2 -->
